<?xml version="1.0" encoding="UTF-8"?>
<testng-results ignored="0" total="1" passed="1" failed="0" skipped="0">
  <reporter-output>
  </reporter-output>
  <suite started-at="2024-02-27T14:23:33 IST" name="Default suite" finished-at="2024-02-27T14:23:39 IST" duration-ms="6717">
    <groups>
    </groups>
    <test started-at="2024-02-27T14:23:33 IST" name="Default test" finished-at="2024-02-27T14:23:39 IST" duration-ms="6717">
      <class name="DatadrivenProject.DDP.Readclass">
        <test-method signature="fblogin()[pri:0, instance:DatadrivenProject.DDP.Readclass@54a7079e]" started-at="2024-02-27T14:23:33 IST" name="fblogin" finished-at="2024-02-27T14:23:39 IST" duration-ms="6661" status="PASS">
          <reporter-output>
          </reporter-output>
        </test-method> <!-- fblogin -->
      </class> <!-- DatadrivenProject.DDP.Readclass -->
    </test> <!-- Default test -->
  </suite> <!-- Default suite -->
</testng-results>
